生成启动时间为 2022/1/8 19:34:38。
     1>项目“E:\cfree\wenjian\sha\mingw5\AES\DES\DES\DES.vcxproj”在节点 2 上(rebuild 个目标)。
     1>_PrepareForClean:
         正在删除文件“Debug\DES.lastbuildstate”。
       InitializeBuildStatus:
         正在创建“Debug\DES.unsuccessfulbuild”，因为已指定“AlwaysCreate”。
       ClCompile:
         C:\Program Files (x86)\Microsoft Visual Studio 10.0\VC\bin\CL.exe /c /ZI /nologo /W3 /WX- /Od /Oy- /D _MBCS /Gm /EHsc /RTC1 /MDd /GS /fp:precise /Zc:wchar_t /Zc:forScope /Fo"Debug\\" /Fd"Debug\vc100.pdb" /Gd /TP /analyze- /errorReport:prompt 346.cpp
         346.cpp
     1>e:\cfree\wenjian\sha\mingw5\aes\des\des\346.cpp(35): warning C4996: 'fopen': This function or variable may be unsafe. Consider using fopen_s instead. To disable deprecation, use _CRT_SECURE_NO_WARNINGS. See online help for details.
                 c:\program files (x86)\microsoft visual studio 10.0\vc\include\stdio.h(234) : 参见“fopen”的声明
     1>e:\cfree\wenjian\sha\mingw5\aes\des\des\346.cpp(72): warning C4996: 'fopen': This function or variable may be unsafe. Consider using fopen_s instead. To disable deprecation, use _CRT_SECURE_NO_WARNINGS. See online help for details.
                 c:\program files (x86)\microsoft visual studio 10.0\vc\include\stdio.h(234) : 参见“fopen”的声明
     1>e:\cfree\wenjian\sha\mingw5\aes\des\des\346.cpp(89): warning C4996: 'fopen': This function or variable may be unsafe. Consider using fopen_s instead. To disable deprecation, use _CRT_SECURE_NO_WARNINGS. See online help for details.
                 c:\program files (x86)\microsoft visual studio 10.0\vc\include\stdio.h(234) : 参见“fopen”的声明
     1>e:\cfree\wenjian\sha\mingw5\aes\des\des\346.cpp(96): warning C4996: 'fopen': This function or variable may be unsafe. Consider using fopen_s instead. To disable deprecation, use _CRT_SECURE_NO_WARNINGS. See online help for details.
                 c:\program files (x86)\microsoft visual studio 10.0\vc\include\stdio.h(234) : 参见“fopen”的声明
       Link:
         C:\Program Files (x86)\Microsoft Visual Studio 10.0\VC\bin\link.exe /ERRORREPORT:PROMPT /OUT:"E:\cfree\wenjian\sha\mingw5\AES\DES\Debug\DES.exe" /NOLOGO kernel32.lib user32.lib gdi32.lib winspool.lib comdlg32.lib advapi32.lib shell32.lib ole32.lib oleaut32.lib uuid.lib odbc32.lib odbccp32.lib /MANIFEST /ManifestFile:"Debug\DES.exe.intermediate.manifest" /MANIFESTUAC:"level='asInvoker' uiAccess='false'" /DEBUG /PDB:"E:\cfree\wenjian\sha\mingw5\AES\DES\Debug\DES.pdb" /TLBID:1 /DYNAMICBASE /NXCOMPAT /IMPLIB:"E:\cfree\wenjian\sha\mingw5\AES\DES\Debug\DES.lib" /MACHINE:X86 Debug\346.obj
         DES.vcxproj -> E:\cfree\wenjian\sha\mingw5\AES\DES\Debug\DES.exe
       Manifest:
         C:\Program Files (x86)\Microsoft SDKs\Windows\v7.0A\bin\mt.exe /nologo /verbose /outputresource:"E:\cfree\wenjian\sha\mingw5\AES\DES\Debug\DES.exe;#1" /manifest Debug\DES.exe.intermediate.manifest
       FinalizeBuildStatus:
         正在删除文件“Debug\DES.unsuccessfulbuild”。
         正在对“Debug\DES.lastbuildstate”执行 Touch 任务。
     1>已完成生成项目“E:\cfree\wenjian\sha\mingw5\AES\DES\DES\DES.vcxproj”(rebuild 个目标)的操作。

生成成功。

已用时间 00:00:01.30
